=================================  0 =================================
# Encoding time: 0.0625 s
4 ■ ■ ■ ■ 4
· · ■ · ■ ·
· ■ ■ ■ 6 ·
■ 4 · ■ ■ ■
■ ■ · ■ · ■
6 ■ ■ ■ ■ 6
# Found solution 1
# Total solutions found: 1
# CPU time: 0.09375 s
=================================  1 =================================
# Encoding time: 0.1562 s
■ 6 ■ ■ ■ 6 ■ ■ ■
■ ■ · 2 ■ · ■ · 4
· ■ ■ · ■ ■ ■ ■ ■
■ 6 ■ ■ · ■ · 2 ■
■ ■ ■ · ■ ■ ■ · ■
■ 3 ■ · ■ · ■ 3 ·
■ · ■ · ■ · ■ ■ ·
9 ■ ■ ■ ■ 5 · ■ ■
■ ■ · 3 ■ ■ · 3 ■
# Found solution 1
# Total solutions found: 1
# CPU time: 0.4062 s
=================================  2 =================================
# Encoding time: 0.25 s
3 ■ ■ ■ · 3 · ■ ■ ■ 3
· ■ ? ■ ■ ■ · ■ 3 · ·
· 5 ■ ■ · ■ ■ ■ ■ 5 ■
■ ■ ■ ? · ■ · ? · · ■
■ · ■ · 1 · 1 · ■ ■ ■
5 · ■ ■ ■ ■ ■ ■ ■ · 3
■ ■ ■ · 1 · 1 · ■ ■ ·
■ · ■ 3 · · · 1 · ■ ■
■ 3 ■ ■ · · ■ ■ · 5 ■
· · ? ■ ■ ■ ■ · 3 ■ ■
? · · · · 1 · · ■ ■ 5
# Found solution 1
# Total solutions found: 1
# CPU time: 1.141 s
=================================  3 =================================
# Encoding time: 0.09375 s
■ 4 ■ ■ 2 · 2
■ ■ ■ · · · ■
■ · ■ ■ ■ ■ ■
■ 3 · 1 · 3 ·
■ ■ · · · ■ ·
· ■ ■ ■ ■ ■ ■
? · 1 · ■ 4 ■
# Found solution 1
# Total solutions found: 1
# CPU time: 0.1719 s
=================================  4 =================================
# Encoding time: 0.125 s
■ ■ ■ · ■ ■ ■ 3
■ · ■ 2 2 · ■ 3
■ · ■ ■ ■ ■ ■ ■
4 4 · · · ■ · ■
■ ■ · · · ■ 3 3
· ■ ■ ■ ■ ■ ■ ■
1 ■ · 1 1 · ■ ·
1 ■ · · · · · ·
# Found solution 1
# Total solutions found: 1
# CPU time: 0.2344 s
=================================  5 =================================
# Encoding time: 0.125 s
■ 5 ■ ■ · 2 · ·
■ ■ · ■ ■ ■ 6 ■
· ■ ■ ■ · ■ ■ ■
· 3 ■ · 4 · ■ 3
3 · ■ 4 ■ ■ 4 ·
■ ■ ■ ■ ■ · · ·
■ 3 · · ■ · · ·
■ ■ 5 ■ ■ ■ 3 ·
# Found solution 1
# Total solutions found: 1
# CPU time: 0.2656 s
=================================  6 =================================
# Encoding time: 0.2031 s
■ · 8 ■ ■ · · · 1 ■
■ ■ ■ ■ · · · 1 · ■
■ · ■ · · 4 ■ ■ ■ ■
8 ■ ■ 2 · · · · ■ ·
■ · ■ · · 4 ■ ■ ■ ·
■ · ■ · 2 ■ ■ · ■ ·
■ ■ ■ ■ · · 2 · ■ 4
· ■ · ■ 2 ■ · ■ ■ ■
■ ■ 4 ■ · ■ ■ ■ · ■
■ 8 ■ ■ ■ ■ · 4 ■ ■
# Found solution 1
# Total solutions found: 1
# CPU time: 0.6562 s
=================================  7 =================================
# Encoding time: 0.2344 s
6 ■ ■ ■ · 3 ■ · ■ ■ 5
■ ■ · ■ ■ ■ ■ ■ ■ · ■
■ · 2 ■ · ■ · ■ 6 · ■
■ ■ ■ · ■ 4 ■ · ■ ■ ■
· ■ · ■ ■ · ■ ■ ■ · ·
2 ■ ■ 6 ■ ■ ■ 9 ■ · 1
· · ■ · ■ · ■ ■ · ■ ■
■ · ■ ■ ■ 5 · ■ ■ ■ ·
■ · 3 · · ■ · ■ 6 ■ ■
■ ■ · · ■ ■ ■ ■ ■ · ■
7 ■ ■ ■ ■ 7 ■ · ■ ■ 4
# Found solution 1
# Total solutions found: 1
# CPU time: 0.5312 s
=================================  8 =================================
# Encoding time: 0.3125 s
2 · ■ ■ ■ 4 3 ■ ■ · ■ 1
■ ■ ■ · ■ ■ ■ ■ · · ■ ·
■ · ■ · 6 · · 7 ■ ■ ■ ■
· ■ ■ ■ ■ · ■ ■ ■ · · ■
■ ■ 8 · ■ ■ ■ · ■ 3 ■ ■
1 · ■ ■ ■ 4 3 ■ · · ■ 4
3 ■ ■ · ■ 5 4 ■ ■ ■ · 2
■ ■ 7 · · ■ ■ · ■ 3 · ■
· ■ ■ ■ ■ ■ · ■ ■ ■ ■ ■
■ · ■ · 4 ■ · 4 ■ · ■ ·
■ ■ ■ · ■ ■ ■ ■ ■ · ■ ■
3 ■ · ■ ■ 6 2 ■ · ■ ■ 3
# Found solution 1
# Total solutions found: 1
# CPU time: 0.6562 s
=================================  9 =================================
# Encoding time: 0.2031 s
1 ■ · 1 ■ · · 0 · ·
· ■ 2 · ■ ■ · · ■ ?
· ■ ■ ■ ? ■ ■ ■ ■ ·
■ ■ · ■ ■ ■ 4 · ■ ■
■ 8 ■ 7 · 6 · · 5 ■
· ■ ■ ■ · ■ ? · ■ ■
■ ■ · ■ 3 ■ · ■ · ■
■ · 8 ■ ■ ■ ■ ■ ■ ■
6 ■ ■ ■ · · ■ 4 · ■
■ ■ · 4 · ■ ■ ■ ■ 10
# Found solution 1
# Total solutions found: 1
# CPU time: 0.4688 s
================================= 10 =================================
# Encoding time: 0.1875 s
3 ■ ■ ■ · 5 · ■ ■ ■
· ■ · ■ ■ ■ ■ ■ · ■
· ■ · · 2 ■ 2 · 4 ■
■ ■ 2 · · ■ · · ■ ■
7 ■ · · · ■ · 1 ■ ·
■ ■ 2 · ■ ■ ■ · ■ 4
■ · · ■ ■ · ■ 1 · ■
■ 2 · 1 · 1 ■ · · ■
■ ■ ■ · · · ■ · ■ ■
■ · ■ ■ 6 ■ ■ ■ ■ 7
# Found solution 1
# Total solutions found: 1
# CPU time: 0.7812 s
================================= 11 =================================
# Encoding time: 0.125 s
■ ■ 4 ■ · 1 3 ·
· ■ ■ ■ ■ ■ ■ ·
· ■ · ■ 3 · ■ 1
■ ■ · ■ ■ ■ ■ 8
■ 7 · ■ · ■ · ■
· ■ ■ ■ 3 2 · ■
■ ■ 4 ■ · · 2 ■
1 2 · ■ ■ ■ ■ ■
# Found solution 1
# Total solutions found: 1
# CPU time: 0.25 s
================================= 12 =================================
# Encoding time: 0.1562 s
· ■ 1 · ■ ■ ■ ■ ■
3 ■ · · 9 ■ · · ■
■ ■ ■ · ■ · 8 ■ ■
■ · ■ ■ ■ 4 ■ 3 ■
· ■ ■ · ■ · ■ 3 ■
· 4 ■ ■ ■ · ■ ■ ■
· · ■ · ■ · ■ 3 7
· 2 ■ 6 ■ ■ ■ ■ ■
■ ■ ■ 4 ■ · ■ · ·
# Found solution 1
# Total solutions found: 1
# CPU time: 0.4688 s
================================= 13 =================================
# Encoding time: 0.2031 s
· ■ ■ ■ ■ 7 ■ 4 ■ ■
2 ■ 2 · · ■ ■ ■ ■ ·
■ ■ · · ■ ■ 6 4 ■ ■
· ■ 3 ■ ■ · ■ ■ · ■
■ ■ · ■ 6 ■ ■ · ■ ■
■ · · ■ ■ ■ 5 · 2 3
■ ■ ■ 7 · ■ · ■ ■ ·
■ · ■ ■ ■ ■ 5 ■ · ·
■ 1 · · · ■ · ■ ■ ■
5 · · · 3 ■ ■ ■ · 1
# Found solution 1
# Total solutions found: 1
# CPU time: 0.875 s
================================= 14 =================================
# Encoding time: 0.125 s
1 ■ 3 ■ 1 · ■ ■
· ■ ■ ■ · · 2 ■
· ■ · · 5 1 · ■
■ ■ ■ ■ ■ ■ ■ ■
■ 5 · · ■ · 2 ■
■ · 3 ■ ■ ■ 3 ·
■ · · · ■ · · ·
■ ■ 5 ■ ■ ■ 3 ·
# Found solution 1
# Total solutions found: 1
# CPU time: 0.2344 s
================================= 15 =================================
# Encoding time: 0.1562 s
■ ■ ■ ■ ■ ■ 10 · ■
■ 2 · · ■ · ■ · ■
■ · · ■ ■ ■ ■ ■ ■
■ 8 ■ ■ · · ■ 4 3
· ■ 3 5 4 ■ ■ ■ 7
· ■ ■ ■ ■ ■ 11 ■ ■
1 ■ · ■ · ■ · · ■
· ■ 4 ■ ■ ■ · · ■
■ ■ 2 3 · 7 ■ ■ ■
# Found solution 1
# Total solutions found: 1
# CPU time: 0.2812 s
================================= 16 =================================
# Encoding time: 0.09375 s
■ ■ ■ ■ 4 · ·
3 ■ 5 1 · · ·
■ ■ ■ · 1 3 ·
· 7 ■ ■ ■ ■ ·
· · ■ 2 3 ■ 1
· · · · ■ ■ ·
· · · · · 3 ·
# Found solution 1
# Total solutions found: 1
# CPU time: 0.1562 s
================================= 17 =================================
# Encoding time: 0.07812 s
3 ■ ■ ■ 3 ·
· 2 ■ · · ·
· · ■ · ■ ·
· ■ ■ ■ ■ ■
■ ■ · ■ 4 ■
■ 5 ■ ■ · 2
# Found solution 1
# Total solutions found: 1
# CPU time: 0.1094 s
================================= 18 =================================
# Encoding time: 0.1094 s
· · 7 ■ ■ ■ ■ ·
· ■ ■ 4 ■ 4 ■ ■
0 · ■ · ? · · ■
· ■ ■ ■ ? ■ ■ ■
■ ■ · ■ ■ ■ 8 ■
■ 5 0 · · ■ ■ 7
■ ■ · ■ 1 · ■ ■
· ■ ■ ■ 3 · ■ ·
# Found solution 1
# Total solutions found: 1
# CPU time: 0.2344 s
================================= 19 =================================
# Encoding time: 0.25 s
■ ■ ■ ? · ■ ■ ■ ■ ■ 5
■ 3 ■ · ■ ■ 4 4 3 ■ ·
■ 4 ■ ■ ■ · ■ ■ ■ ■ ■
· 7 · ? 5 ■ · ■ · ■ 2
· ■ · · ■ ■ ■ ■ ■ · ?
■ ■ ■ ■ ■ 13 ■ · ■ ■ ·
? ■ · ■ · ■ · · · ■ ■
? ■ · ■ ■ ■ 4 1 · 3 ■
· ■ ■ · · ■ ■ ■ ■ 4 ·
■ ■ 4 0 1 ■ · · ■ 1 ·
? ■ ■ · · ■ ■ 3 ■ · ·
# Found solution 1
# Total solutions found: 1
# CPU time: 0.4219 s
================================= 20 =================================
# Encoding time: 0.07812 s
3 3 ■ ■ 3 ·
■ ■ · ■ ■ ·
■ · · ■ · ■
■ ■ 3 ■ · ■
· ■ · ■ ■ ■
3 ■ ■ ■ · 3
# Found solution 1
# Total solutions found: 1
# CPU time: 0.125 s
================================= 21 =================================
# Encoding time: 0.0625 s
■ ■ · ■ · · ·
8 ■ ■ ■ ■ 4 ·
■ · ■ 4 ■ · ·
■ 2 · · ■ ■ 2
■ ■ ■ ■ ■ · ·
# Found solution 1
# Total solutions found: 1
# CPU time: 0.09375 s
================================= 22 =================================
# Encoding time: 0.4062 s
■ ■ · 2 ■ · ■ ■ 4 ■ ■ · · 3 · · ·
■ 8 ■ ■ ■ 3 · ■ · ■ · 5 ■ ■ ■ 3 ·
■ ■ · · ■ · · ■ ■ ■ ■ ■ · ■ · · 4
7 ■ ■ ■ ■ · 2 · ■ 4 · ■ ■ ■ ■ ■ ■
· ■ · · ■ ■ ■ · · · · · ■ 5 ■ · ■
· 3 · ■ ■ 8 ■ ■ 3 · · 1 · · ■ 2 ■
· · ■ 2 · ■ · ■ ■ ■ ■ ■ ■ · ■ · ■
· · ■ · · ■ · 3 · · 1 · ■ ■ ■ ■ 8
8 ■ ■ ■ ■ ■ ■ ■ ■ · · · ■ · ■ · ·
· 1 · ■ · 3 · · ■ ■ ■ 5 ■ · ■ 2 ·
· · · 2 · · · · 2 · ■ ■ ■ 5 ■ ■ ·
# Found solution 1
# Total solutions found: 1
# CPU time: 2.031 s
================================= 23 =================================
# Encoding time: 0.01562 s
# No solution found
# CPU time: 0.01562 s
================================= 24 =================================
# Encoding time: 0.0 s
1 0
■ ·
# Found solution 1
# Total solutions found: 1
# CPU time: 0.01562 s
================================= 25 =================================
# Encoding time: 0.0625 s
4 ■ ■ ■ ■ 4
· · ■ · · ·
· ■ ■ ■ 4 ·
■ 4 · ■ ■ ■
■ ■ · ■ · ■
6 ■ ■ ■ ■ 6
# Found solution 1
4 ■ ■ ■ ■ 4
· · · ■ · ·
· ■ ■ ■ 4 ·
■ 4 · ■ ■ ■
■ ■ · ■ · ■
6 ■ ■ ■ ■ 6
# Found solution 2
# Total solutions found: 2
# CPU time: 0.125 s
================================= 26 =================================
# Encoding time: 0.0625 s
# No solution found
# CPU time: 0.07812 s
================================= 27 =================================
# Encoding time: 0.2031 s
■ · · 6 6 ■ ■ ■ ■ ■
■ ■ ■ ■ ■ · 1 1 · ■
■ 2 · ■ · ■ · · ■ ■
■ 2 · ■ · ■ · ■ ■ 5
■ ■ · ■ 4 ■ ■ ■ · 5
5 · · ■ · 4 · ■ ■ ■
5 ■ ■ ■ ■ ■ · ■ 3 ■
· · ■ · ■ · ■ ■ 3 ■
· ■ 4 4 ■ ■ ■ · · ■
· ■ ■ ■ ■ 5 5 ■ ■ ■
# Found solution 1
# Total solutions found: 1
# CPU time: 0.4375 s
================================= 28 =================================
# Encoding time: 0.1719 s
2 · · · 1 · ■ ■ ■ ·
■ 3 · ■ ■ ■ ■ 12 ■ ■
■ ■ 4 · · ■ · ■ ? ·
· ■ ■ 5 · ■ · ■ · 0
· · ■ ■ 6 ■ ■ ■ ■ ·
· ■ · ■ · 7 · ■ · ·
■ ■ ■ ■ ■ ■ 8 ■ ■ ·
· ■ · · · ■ · 9 ■ ■
■ 11 ■ ■ ■ ■ ■ ■ 10 ■
■ ■ ■ · ? · · ■ ■ ■
# Found solution 1
# Total solutions found: 1
# CPU time: 0.3906 s
================================= 29 =================================
# Encoding time: 0.1875 s
■ 1 · ■ ■ ■ ■ ■ ■ ■
■ · 1 ■ · · ■ · ■ 2
■ ■ · 2 · ■ ■ ■ 8 ·
· ■ · · 2 ■ · 2 ■ ·
■ ■ ■ ■ ■ ■ 8 · ■ ·
■ · ■ 2 · ■ ■ ■ ■ ■
■ ■ 4 · · 5 ■ · · ■
■ 2 · · · · 5 ■ ■ ■
4 · · · · · · 2 ■ ·
· · · · · · · · 2 ·
# Found solution 1
# Total solutions found: 1
# CPU time: 0.7031 s
================================= 30 =================================
# Encoding time: 0.07812 s
■ ■ ■ ■ 4 5
1 2 3 ■ · ■
· ■ ■ ■ ■ ■
1 2 3 4 · ■
■ ■ ■ ■ ■ ■
· · ■ · · ■
# Found solution 1
# Total solutions found: 1
# CPU time: 0.1094 s
================================= 31 =================================
# Encoding time: 0.2188 s
1 2 · · · ■ ■ ■ · ·
■ ■ 3 4 ■ ■ 7 ■ ■ ·
· ■ ■ ■ 5 6 ■ · ■ ·
· · · ■ ■ ■ ■ ■ ■ ■
1 2 · · · ■ · ■ · ■
■ ■ 3 4 ■ ■ 7 ■ 1 2
· ■ ■ ■ 5 6 ■ ■ · ·
· · · ■ ■ ■ ■ · · ■
1 2 ■ · · · ■ ■ ■ ■
■ ■ ■ ■ ■ ■ ■ · 1 2
# Found solution 1
# Total solutions found: 1
# CPU time: 0.4531 s
================================= 32 =================================
# Encoding time: 0.07812 s
7 ■ ■ ■ · ■ 2
■ 2 · ■ ■ ■ ■
■ · 5 ■ · ■ ·
■ · ■ 4 · ■ 2
■ ■ ■ · 4 ■ ■
· · ■ ■ ■ ■ ·
· ■ ■ 4 ■ · ·
# Found solution 1
# Total solutions found: 1
# CPU time: 0.2031 s
================================= 33 =================================
# Encoding time: 0.2031 s
■ ■ ■ · ■ ■ · ■ · 1
1 · ■ ■ ■ 10 ■ ■ ■ ■
· ■ ■ · · ■ · ■ · ·
■ ■ 14 ■ ■ ■ ■ ■ ■ ·
· ■ ■ · ■ · ■ 12 ■ ■
· 5 ■ · ■ ■ · ■ · ■
■ ■ ■ ■ 12 ■ ■ ■ · 3
■ · · · ■ ■ 7 ■ ■ ■
■ ■ 5 ■ ■ · ■ ■ 3 ·
· ■ ■ ■ · · · ■ · ·
# Found solution 1
# Total solutions found: 1
# CPU time: 0.4375 s
================================= 34 =================================
# Encoding time: 0.2031 s
8 ■ ■ ■ ■ ■ ■ ■ ■ 8
· · ■ · · · · ■ 3 ·
· · ■ · 4 4 ■ ■ ■ ■
· ■ ■ ■ ■ · · ■ · ■
■ ■ 6 · ■ ■ ■ 7 · ■
■ · 6 ■ ■ · ■ 7 ■ ■
■ ■ ■ · ■ ■ · ■ · ■
■ · ■ ■ 7 7 ■ ■ ■ ■
■ 3 ■ · ■ ■ · ■ 2 ·
8 ■ ■ ■ · ■ ■ ■ · ?
# Found solution 1
# Total solutions found: 1
# CPU time: 0.5156 s
================================= 35 =================================
# Encoding time: 0.2031 s
■ ■ ■ ■ 10 ■ ■ ■ ■ ·
· · ■ 7 ■ 7 ■ · ■ ■
■ ■ ■ ■ ■ ■ 10 ■ · ■
■ 3 · ■ · ■ ■ ■ ■ ■
10 ■ ■ ■ · ■ · · 7 ■
■ 3 · ■ ■ ■ ■ ■ ■ 10
■ ■ ? · · · ■ · ■ ·
■ · ■ ■ ■ ■ ■ 7 ■ ■
■ · ■ · 3 ■ ? · ■ ·
■ ■ ■ ■ ■ 10 ■ ■ ■ ·
# Found solution 1
# Total solutions found: 1
# CPU time: 0.5312 s
================================= 36 =================================
# Encoding time: 0.0625 s
■ ■ ■ · · ·
2 5 ■ ■ ■ ·
■ ■ ■ · ■ ■
· · ■ · 2 3
1 2 ■ · · ■
■ ■ ■ ■ ■ ■
# Found solution 1
# Total solutions found: 1
# CPU time: 0.1094 s
================================= 37 =================================
# Encoding time: 0.2031 s
4 ■ ■ ■ ■ · · · 5 ■
· · · ■ · 6 · · ■ ■
· 1 · ■ 3 ■ · 1 ■ ·
· ■ ■ ■ ■ ■ 5 · ■ ·
· · 1 · · ■ 1 · ■ ■
4 · · · · ■ · · · ■
■ · 2 · 3 ■ · · 1 ■
■ ■ ■ · ■ ■ ■ ■ · ■
■ 5 ■ ■ ■ · 4 ■ ■ ■
■ · · 1 · · · ■ 3 ■
# Found solution 1
# Total solutions found: 1
# CPU time: 0.6562 s
================================= 38 =================================
# Encoding time: 0.2031 s
■ ■ ■ ■ ■ ■ ■ · ■ ■
■ 7 ■ · ■ 6 ■ ■ ■ 6
■ ■ · ■ ■ ■ · ■ · ■
· ■ ■ 5 ■ · ■ 6 ■ ■
· ■ 8 ■ ■ ■ ■ ■ ■ ·
■ ■ · · ■ 4 ■ · ■ 2
■ 16 ■ ■ ■ ■ ■ ■ ■ ■
■ ■ · ■ 10 · ■ 4 ■ ·
6 ■ ■ 6 ■ · ■ ■ ■ ■
■ ■ · ■ ■ ■ ■ · ■ 2
# Found solution 1
# Total solutions found: 1
# CPU time: 0.4375 s
================================= 39 =================================
# Encoding time: 0.2188 s
■ ■ 4 ■ ■ 3 2 · · ·
· ■ 3 · ■ ■ ■ · ■ ·
■ ■ ■ ■ ■ · ■ ■ ■ ■
1 4 ■ · ■ ■ · 2 4 ■
· · · ■ 5 5 ■ ■ ■ ■
■ ■ ■ ■ 5 5 ■ · · ■
■ 2 1 · ■ ■ ■ ■ 7 4
■ · · · · ■ · ■ ■ ·
■ · ■ ■ ■ ■ · 3 ■ ·
■ ■ ■ 4 2 ■ · 1 ■ ·
# Found solution 1
# Total solutions found: 1
# CPU time: 0.4219 s
================================= 40 =================================
# Encoding time: 0.2188 s
· 4 ■ · 3 1 · · ■ ?
10 ■ ■ ■ ■ ■ ■ ■ ■ ■
■ ■ · 3 ■ · · ■ 5 ■
· ■ · ■ ■ ■ ■ ■ ■ ■
· ? ■ · · ■ 3 ■ · ■
1 6 ■ ■ ■ ■ · ■ · ■
■ ■ ■ · ■ · ■ 6 2 5
· ■ 4 · ■ ■ ■ · ■ ·
? · · 1 · ■ · ■ ■ 2
■ ■ ■ ■ ■ ■ ■ ■ 10 ·
# Found solution 1
# Total solutions found: 1
# CPU time: 0.5 s
================================= 41 =================================
# Encoding time: 0.2188 s
■ 1 · · · 1 ■ · · ·
■ · · 1 · · ■ 1 · ·
■ ■ ■ ■ ■ ■ ■ · · 1
· 1 1 · 1 · ■ ■ ■ ■
· · · 1 · ■ ■ · 1 ·
1 · ■ ■ ■ ■ · · · ·
■ ■ ■ · · ■ 1 · · ·
· 1 · 1 · ■ · 1 · 1
· · ■ ■ ■ ■ ■ ■ ■ ■
· · 1 · 1 · · 1 · ·
# Found solution 1
# Total solutions found: 1
# CPU time: 0.625 s
================================= 42 =================================
# Encoding time: 0.125 s
■ ■ ■ ■ ■ ■ 8 ·
■ · 1 · ■ · ■ ·
■ 1 · 5 ■ ■ ■ ■
■ · 2 ■ ■ · · ■
■ 1 · 6 ■ ■ ■ ■
■ · 3 ■ ■ · · ■
■ ■ ■ 7 ■ ■ · 4
· ■ 4 ■ ■ · · ·
# Found solution 1
# Total solutions found: 1
# CPU time: 0.2344 s
================================= 43 =================================
# Encoding time: 0.1719 s
■ ■ 2 · ■ ■ ■ ■ 4
· ■ · ■ ■ · · ■ ·
· ■ ■ ■ 5 0 · ■ 5
· 4 ■ 4 · · 5 ■ ■
· 5 ■ ■ 2 · ■ 6 ■
· ■ 4 · · 3 ■ 4 ■
1 ■ · 0 6 ■ ■ ■ ■
· ■ ■ · ■ ■ · ■ ·
0 · ■ ■ ■ · 0 · ·
# Found solution 1
# Total solutions found: 1
# CPU time: 0.2656 s
================================= 44 =================================
# Encoding time: 0.2188 s
· ■ ■ ■ 3 · ■ ■ ■ ■
· 1 2 ■ · ■ ■ 3 2 ■
■ 4 3 ■ ■ · ■ 4 1 ·
■ ■ ■ ■ 6 5 ■ ■ ■ ·
· ■ · ■ ■ ■ · ■ · ·
■ ■ ■ · · ■ ■ ■ ■ ·
■ · ■ ■ 2 2 · · ■ ■
■ 1 3 ■ · · ■ 1 3 ■
■ 2 4 ■ ■ ■ ■ 4 2 ■
■ ■ · · ■ 3 ■ · ■ ■
# Found solution 1
# Total solutions found: 1
# CPU time: 0.3438 s
================================= 45 =================================
# Encoding time: 0.2031 s
■ ■ 2 · · ■ ■ ■ · ·
· ■ · · ■ ■ · ■ 2 ·
■ ■ ■ ■ ■ · · ■ ■ ■
1 · ■ · 2 · ■ ■ 6 ■
· · ■ ■ · · 1 · ■ ■
■ ■ ■ 9 ■ ■ · ■ ■ ·
■ 3 · ■ ■ 8 ■ ■ · 3
■ ■ · ■ · ■ · ■ ■ ■
■ 7 ■ ■ ■ ■ · ■ · ■
■ ■ ■ · · ■ ■ 8 ■ ■
# Found solution 1
# Total solutions found: 1
# CPU time: 0.5469 s
================================= 46 =================================
# Encoding time: 0.7344 s
· ■ ■ ■ ■ ■ · · · ■ ■ ■ ■ ■ ■ ■ · ■ ■ ■ ■ ■ ■ ■ · · · ■ ■ ■ · · ■ ·
■ ■ 4 ■ 6 ■ ■ · 1 ■ 4 ■ · ■ 6 ■ ■ ■ 4 · · ■ 6 ■ 2 · ■ ■ 9 ■ ■ ■ ■ ■
· ■ · · ■ ■ · · · ■ ■ · · ■ ■ · ■ · · · · · ■ ■ ■ ■ · ■ ■ · ■ · ■ ·
· 7 ■ ■ ■ · · 2 ■ ■ · 2 ■ ■ 4 2 ■ · 1 · · 2 ■ · · 3 ■ ■ 9 ■ ■ ■ ■ ■
■ ■ ■ · · · · · ■ · · · ■ · ■ ■ ■ · ■ ■ · ■ ■ · · · · ■ ■ · ■ · ■ ·
■ 6 ■ · ■ · · 1 ■ 1 · 1 ■ · 2 · · 1 4 ■ ■ 4 · 2 · 2 ■ ■ 9 ■ ■ ■ ■ ■
· ■ ■ ■ ■ ■ · · ■ · · · ■ · ■ ■ ■ ■ ■ · ■ ■ ■ ■ · · · ■ ■ · ■ · ■ ·
■ ■ 8 ■ 6 ■ ■ 5 ■ ■ · 2 ■ ■ 5 ■ · · 2 · ■ 2 · ■ ■ 3 · ■ 3 · 8 ■ 10 ■
· ■ ■ ■ ■ · ■ ■ ■ · · · · ■ ■ ■ ■ ■ ■ ■ ■ · · · ■ ■ ■ ■ ■ ■ ■ ■ ■ ■
# Found solution 1
# Total solutions found: 1
# CPU time: 4.344 s
================================= 47 =================================
# Encoding time: 0.5 s
3 ■ · ■ ■ 8 ■ ■ ■ · 1 ■ · · ·
■ ■ ■ ■ · ■ ■ · ■ ■ · ■ · · ■
■ · · ■ ■ ■ · · 8 ■ ■ ■ ■ ■ ■
· ■ 2 ■ · ■ 1 · · · ■ 7 ■ · ■
■ ■ · · 1 · · · · ■ ■ ■ ■ · ■
8 ■ ■ ■ ■ ■ ■ · 1 ■ · ■ 9 ■ ■
■ ■ · · 1 · ■ ■ · ■ · · ■ · ■
11 ■ ■ ■ · ■ ■ 11 ■ ■ ■ ■ ■ · 7
■ · ■ · ■ ■ · ■ ■ · 1 · ■ ■ ■
■ ■ 11 ■ ■ · 1 ■ · ■ · · · ■ 5
■ · ■ · ■ ■ · ■ · ■ 1 · ■ ■ ■
■ · ■ 2 · ■ ■ · 1 ■ · · 4 · ■
■ ■ ■ ■ ■ ■ 7 · · ■ · · ■ ■ ■
■ · ■ · · ■ · · ■ ■ ■ ■ ■ · ·
■ ■ ■ ■ 8 ■ ■ ■ ■ 10 ■ · ■ ■ 2
# Found solution 1
# Total solutions found: 1
# CPU time: 2.219 s
================================= 48 =================================
# Encoding time: 1.969 s
0 · · · 0 0 · · · 0 0 · · · 0 0 · · · 0 0 · · · 0 0 · · · 0
· · 0 · · · · 0 · · · · 0 · · · · 0 · · · · 0 · · · · 0 · ·
· 0 8 ■ ■ ■ ■ 9 ■ ■ ■ ■ 9 ■ ■ ■ ■ 9 ■ ■ ■ ■ 9 ■ ■ ■ ■ 8 0 ·
· · ■ 2 · · ■ ■ ■ · · ■ ■ ■ · · ■ ■ ■ · · ■ ■ ■ · · ■ ■ · ·
0 · ■ · 0 0 · 1 · 0 0 · 1 · 0 0 · 1 · 0 0 · 1 · 0 0 · ■ · 0
0 · ■ · 0 0 · · · 0 0 · · · 0 0 · · · 0 0 · · · 0 0 · ■ · 0
· · ■ ■ · · · 0 · · · · 0 · · · · 0 · · · · 0 · · · ■ ■ · ·
· 0 9 ■ · · ■ 9 ■ ■ ■ ■ 9 ■ ■ ■ ■ 9 ■ ■ ■ ■ 9 ■ · · ■ 9 0 ·
· · ■ ■ · · ■ ■ ■ · · ■ ■ ■ · · ■ ■ ■ · · ■ ■ ■ · · ■ ■ · ·
0 · ■ · 0 0 · ■ · 0 0 · 1 · 0 0 · 1 · 0 0 · ■ · 0 0 · ■ · 0
0 · ■ · 0 0 · ■ · 0 0 · · · 0 0 · · · 0 0 · ■ · 0 0 · ■ · 0
· · ■ ■ · · ■ ■ ■ · · · 0 · · · · 0 · · · ■ ■ ■ · · ■ ■ · ·
· 0 9 ■ · · ■ 9 ■ ■ ■ ■ 9 ■ · · ■ 9 ■ ■ ■ ■ 9 ■ · · ■ 9 0 ·
· · ■ ■ · · · 0 · · · ■ ■ ■ · · ■ ■ ■ · · · 0 · · · ■ ■ · ·
0 · ■ · 0 0 · · · 0 0 · ■ · 0 0 · ■ · 0 0 · · · 0 0 · ■ · 0
0 · ■ · 0 0 · 1 · 0 0 · ■ · 0 0 · ■ · 0 0 · 1 · 0 0 · ■ · 0
· · ■ ■ · · ■ ■ ■ · · ■ ■ ■ · · ■ ■ ■ · · ■ ■ ■ · · ■ ■ · ·
· 0 8 ■ ■ ■ ■ 9 ■ ■ ■ ■ 9 ■ 1 1 ■ 9 ■ ■ ■ ■ 9 ■ ■ ■ ■ 8 0 ·
· · 0 · · · · 0 · · · · 0 · · · · 0 · · · · 0 · · · · 0 · ·
0 · · · 0 0 · · · 0 0 · · · 0 0 · · · 0 0 · · · 0 0 · · · 0
# Found solution 1
# Total solutions found: 1
# CPU time: 5.766 s
